<?xml version="1.0" encoding="UTF-8"?>
<testsuite name="ai.incredible.CalculatorTest" tests="8" skipped="0" failures="0" errors="0" timestamp="2022-10-05T15:06:06" hostname="anderson-3080ti" time="0.715">
  <properties/>
  <testcase name="Simple Summation" classname="ai.incredible.CalculatorTest" time="0.036"/>
  <testcase name="Grouped Assertions" classname="ai.incredible.CalculatorTest" time="0.003"/>
  <testcase name="HTTP Connection Test" classname="ai.incredible.CalculatorTest" time="0.649"/>
  <testcase name="repetition 1 of 5" classname="ai.incredible.CalculatorTest" time="0.002"/>
  <testcase name="repetition 2 of 5" classname="ai.incredible.CalculatorTest" time="0.001"/>
  <testcase name="repetition 3 of 5" classname="ai.incredible.CalculatorTest" time="0.001"/>
  <testcase name="repetition 4 of 5" classname="ai.incredible.CalculatorTest" time="0.001"/>
  <testcase name="repetition 5 of 5" classname="ai.incredible.CalculatorTest" time="0.001"/>
  <system-out><![CDATA[]]></system-out>
  <system-err><![CDATA[]]></system-err>
</testsuite>
